GL_LOG_FILE log. local time Sat Apr 27 10:47:46 2019

starting GLFW
3.3.0 Cocoa NSGL EGL OSMesa dynamic

x 0.000000 0.000000

Initialised Successfully. Apr 27 2019 10:47:28 

x -529.449219 -0.526654

x -529.449219 -0.526654

x -529.449219 -0.526654

x -529.449219 -0.526654

x -529.449219 -0.526654

x -529.449219 -0.526654

x -529.449219 -0.526654

x -529.449219 -0.526654

x -529.449219 -0.526654

x -529.449219 -0.526654

x -529.449219 -0.526654

x -529.449219 -0.526654

x -529.449219 -0.526654

x -529.449219 -0.526654

x -529.449219 -0.526654

x -529.449219 -0.526654

x -529.449219 -0.526654

x -529.449219 -0.526654

x -529.449219 -0.526654

x -529.449219 -0.526654

x -529.449219 -0.526654

x -529.449219 -0.526654

x -529.449219 -0.526654

x -529.449219 -0.526654

x -529.449219 -0.526654

x -529.449219 -0.526654

x -529.449219 -0.526654

x -529.449219 -0.526654

x -529.449219 -0.526654

x -529.449219 -0.526654

x -529.449219 -0.526654

x -529.449219 -0.526654

x -529.449219 -0.526654

x -529.449219 -0.526654

x -529.449219 -0.526654

x -529.449219 -0.526654

x -529.449219 -0.526654

x -529.449219 -0.526654

x -529.449219 -0.526654

x -529.449219 -0.526654

x -529.449219 -0.526654

x -529.449219 -0.526654

x -529.449219 -0.526654

x -529.449219 -0.526654

x -529.449219 -0.526654

x -529.449219 -0.526654

x -529.449219 -0.526654

x -529.449219 -0.526654

x -529.449219 -0.526654

x -529.449219 -0.526654

x -529.449219 -0.526654

x -529.449219 -0.526654
